{"C:\\Users\\NishShuk\\Desktop\\Coursera Meta\\Testing\\addFive.js": {"path":"C:\\Users\\NishShuk\\Desktop\\Coursera Meta\\Testing\\addFive.js","statementMap":{"0":{"start":{"line":2,"column":4},"end":{"line":2,"column":19}},"1":{"start":{"line":6,"column":0},"end":{"line":6,"column":23}}},"fnMap":{"0":{"name":"addFive","decl":{"start":{"line":1,"column":9},"end":{"line":1,"column":16}},"loc":{"start":{"line":1,"column":22},"end":{"line":4,"column":1}},"line":1}},"branchMap":{},"s":{"0":1,"1":1},"f":{"0":1},"b":{},"_coverageSchema":"1a1c01bbd47fc00a2c39e90264f33305004495a9","hash":"776c346dd76f4398aefd4b2c9ae9eef32df721e9"}
,"C:\\Users\\NishShuk\\Desktop\\Coursera Meta\\Testing\\statusOfKeys.js": {"path":"C:\\Users\\NishShuk\\Desktop\\Coursera Meta\\Testing\\statusOfKeys.js","statementMap":{"0":{"start":{"line":2,"column":4},"end":{"line":2,"column":22}},"1":{"start":{"line":5,"column":0},"end":{"line":5,"column":27}}},"fnMap":{"0":{"name":"statusOfKeys","decl":{"start":{"line":1,"column":9},"end":{"line":1,"column":21}},"loc":{"start":{"line":1,"column":27},"end":{"line":3,"column":1}},"line":1}},"branchMap":{},"s":{"0":1,"1":1},"f":{"0":1},"b":{},"_coverageSchema":"1a1c01bbd47fc00a2c39e90264f33305004495a9","hash":"03126046daa41f7cd11a51acd79cf9cd22098074"}
}
